0 info it worked if it ends with ok
1 verbose cli [ '/usr/local/bin/node', '/usr/local/bin/npm', 'publish' ]
2 info using npm@2.14.7
3 info using node@v4.2.2
4 verbose publish [ '.' ]
5 silly cache add args [ '.', null ]
6 verbose cache add spec .
7 silly cache add parsed spec Result {
7 silly cache add   raw: '.',
7 silly cache add   scope: null,
7 silly cache add   name: null,
7 silly cache add   rawSpec: '.',
7 silly cache add   spec: '/Users/julaud/www/node/tools/gitpush',
7 silly cache add   type: 'directory' }
8 verbose addLocalDirectory /Users/julaud/.npm/gitpush/0.0.21/package.tgz not in flight; packing
9 verbose tar pack [ '/Users/julaud/.npm/gitpush/0.0.21/package.tgz',
9 verbose tar pack   '/Users/julaud/www/node/tools/gitpush' ]
10 verbose tarball /Users/julaud/.npm/gitpush/0.0.21/package.tgz
11 verbose folder /Users/julaud/www/node/tools/gitpush
12 info prepublish gitpush@0.0.21
13 verbose addLocalTarball adding from inside cache /Users/julaud/.npm/gitpush/0.0.21/package.tgz
14 silly cache afterAdd gitpush@0.0.21
15 verbose afterAdd /Users/julaud/.npm/gitpush/0.0.21/package/package.json not in flight; writing
16 verbose afterAdd /Users/julaud/.npm/gitpush/0.0.21/package/package.json written
17 silly publish { name: 'gitpush',
17 silly publish   version: '0.0.21',
17 silly publish   description: ' Git 命令行实用程序,将所有修改过的文件并提交它们.自动gitpush .A command line utility to Git Add all modified files and commit them.',
17 silly publish   scripts: { test: 'echo "Error: no test specified" && exit 1' },
17 silly publish   repository: { type: 'git', url: 'git+https://github.com/zanjs/gitpush.git' },
17 silly publish   preferGlobal: 'true',
17 silly publish   bin: { gitpush: './bin/gitpush' },
17 silly publish   keywords: [ 'shell', 'spawn', 'process', 'git', 'commit', 'github', 'cmd' ],
17 silly publish   author: { name: 'Julaud' },
17 silly publish   license: 'ISC',
17 silly publish   engines: { node: '*' },
17 silly publish   dependencies: { chalk: 'latest', commander: '^2.9.0' },
17 silly publish   readme: '# gitpush\n\nGit 命令行实用程序,将所有修改过的文件并提交它们。 git 自动化,\n\n- 自动 git add . or -u -v\n- 自动 git commit -m "xxx"\n- 自动 git push  \n\nA command line script in nodeJs to perform various Git commands. \nThe command gives output of git status, \nfollowed by git add all new modified files, and then commits them.\n\n## help you\n\n还在厌倦 `git add . `， `git commit \'xxx\' `, `git push` \n\nOK? 自从有了 `gitpush` 一切都简单化了 , 提高了工作效率 , \n\n老板再也不用看我不停的 `git` 提交啦,开心···\n\n\n\nfuck  `git add . `， `git commit \'xxx\' `, `git push` \n\nQuick `gitpush` Everything is simplified,Improve work efficiency,\n\n\n## Installation\n\n```sh\n$ npm install gitpush -g\n```\n\n## Usage\n全局安装 gitpush 后 , 打开您的终端，定位到您的项目根目录\n\n>一定要项目初始化完成后使用哦\n\n\nAfter installing the module globally, \nopen up your terminal, navigate to the git directory of your choice and type:\n```sh\n$ gitpush "Your Commit Message"\n\n//or\n\n$ gitpush          \\\\ Commit is use Time now\n```\n\n\n## gitpush not push\n\n>git push --set-upstream origin gh-pages\n\n设置您默认提交的分支\n\n\n### Important\n\n命令将输出所有修改的文件，输出与提交, 工作在git 所有环境下\n\n### demo \n\n![](./images/gitpush2.gif)\n\n\n### 开发日志\n\nhttps://github.com/zanjs/gitpush/blob/master/up.md\n\n### Donate\n\n>如果帮助到您了,请献出你的爱心\n\n![](./images/play.jpg)',
17 silly publish   readmeFilename: 'README.md',
17 silly publish   gitHead: '7719e04cf6def8fdbaad5a97aea0fe2837889f87',
17 silly publish   bugs: { url: 'https://github.com/zanjs/gitpush/issues' },
17 silly publish   homepage: 'https://github.com/zanjs/gitpush#readme',
17 silly publish   _id: 'gitpush@0.0.21',
17 silly publish   _shasum: 'd7b67434e62215ecbdb6f89e6e24dfa660cbe0da',
17 silly publish   _from: '.' }
18 verbose getPublishConfig undefined
19 silly mapToRegistry name gitpush
20 silly mapToRegistry using default registry
21 silly mapToRegistry registry https://registry.npmjs.org/
22 silly mapToRegistry uri https://registry.npmjs.org/gitpush
23 verbose publish registryBase https://registry.npmjs.org/
24 silly publish uploading /Users/julaud/.npm/gitpush/0.0.21/package.tgz
25 verbose request uri https://registry.npmjs.org/gitpush
26 verbose request sending authorization for write operation
27 info attempt registry request try #1 at 13:47:04
28 verbose request using bearer token for auth
29 verbose request id ae8b7b53f2132a4a
30 http request PUT https://registry.npmjs.org/gitpush
31 http 403 https://registry.npmjs.org/gitpush
32 verbose headers { 'content-type': 'application/json',
32 verbose headers   'cache-control': 'max-age=300',
32 verbose headers   'content-length': '96',
32 verbose headers   'accept-ranges': 'bytes',
32 verbose headers   date: 'Sat, 26 Dec 2015 05:47:21 GMT',
32 verbose headers   via: '1.1 varnish',
32 verbose headers   connection: 'keep-alive',
32 verbose headers   'x-served-by': 'cache-lhr6335-LHR',
32 verbose headers   'x-cache': 'MISS',
32 verbose headers   'x-cache-hits': '0',
32 verbose headers   'x-timer': 'S1451108825.857513,VS0,VE15295' }
33 verbose request invalidating /Users/julaud/.npm/registry.npmjs.org/gitpush on PUT
34 error publish Failed PUT 403
35 verbose stack Error: "You cannot publish over the previously published version 0.0.21." : gitpush
35 verbose stack     at makeError (/usr/local/lib/node_modules/npm/node_modules/npm-registry-client/lib/request.js:264:12)
35 verbose stack     at CachingRegistryClient.<anonymous> (/usr/local/lib/node_modules/npm/node_modules/npm-registry-client/lib/request.js:252:14)
35 verbose stack     at Request._callback (/usr/local/lib/node_modules/npm/node_modules/npm-registry-client/lib/request.js:172:14)
35 verbose stack     at Request.self.callback (/usr/local/lib/node_modules/npm/node_modules/request/request.js:198:22)
35 verbose stack     at emitTwo (events.js:87:13)
35 verbose stack     at Request.emit (events.js:172:7)
35 verbose stack     at Request.<anonymous> (/usr/local/lib/node_modules/npm/node_modules/request/request.js:1063:14)
35 verbose stack     at emitOne (events.js:82:20)
35 verbose stack     at Request.emit (events.js:169:7)
35 verbose stack     at IncomingMessage.<anonymous> (/usr/local/lib/node_modules/npm/node_modules/request/request.js:1009:12)
36 verbose statusCode 403
37 verbose pkgid gitpush
38 verbose cwd /Users/julaud/www/node/tools/gitpush
39 error Darwin 15.0.0
40 error argv "/usr/local/bin/node" "/usr/local/bin/npm" "publish"
41 error node v4.2.2
42 error npm  v2.14.7
43 error code E403
44 error "You cannot publish over the previously published version 0.0.21." : gitpush
45 error If you need help, you may report this error at:
45 error     <https://github.com/npm/npm/issues>
46 verbose exit [ 1, true ]
